<?xml version="1.0" encoding="UTF-8"?>
<!-- Generated by org.testng.reporters.JUnitReportReporter -->
<testsuite skipped="0" hostname="DESKTOP-78FCVLQ" name="Execution.Execution" tests="1" failures="0" timestamp="10 Apr 2018 15:48:10 GMT" time="126.694" errors="0">
  <testcase name="Signin" time="126.694" classname="Execution.Execution"/>
</testsuite> <!-- Execution.Execution -->
