<?xml version="1.0" encoding="UTF-8"?>
<!-- Generated by org.testng.reporters.JUnitReportReporter -->
<testsuite skipped="0" hostname="DESKTOP-78FCVLQ" name="Actions.Execution" tests="1" failures="0" timestamp="10 Apr 2018 16:03:14 GMT" time="163.473" errors="0">
  <testcase name="Signin" time="163.473" classname="Actions.Execution"/>
</testsuite> <!-- Actions.Execution -->
